c:\users\владимир\desktop\interpreter\interpreter\debug\vc141.pdb
c:\users\владимир\desktop\interpreter\interpreter\debug\token.obj
c:\users\владимир\desktop\interpreter\interpreter\debug\syntaxanalyzer.obj
c:\users\владимир\desktop\interpreter\interpreter\debug\parser.obj
c:\users\владимир\desktop\interpreter\interpreter\debug\numberexpression.obj
c:\users\владимир\desktop\interpreter\interpreter\debug\myform.obj
c:\users\владимир\desktop\interpreter\interpreter\debug\lexicalanalyzer.obj
c:\users\владимир\desktop\interpreter\interpreter\debug\expression.obj
c:\users\владимир\desktop\interpreter\interpreter\debug\binaryexpression.obj
c:\users\владимир\desktop\interpreter\interpreter\debug\.netframework,version=v4.6.1.assemblyattributes.obj
c:\users\владимир\desktop\interpreter\interpreter\debug\.netframework,version=v4.6.1.assemblyattributes.asm
c:\users\владимир\desktop\interpreter\interpreter\debug\unaryexpression.obj
c:\users\владимир\desktop\interpreter\interpreter\debug\interpreter.myform.resources
c:\users\владимир\desktop\interpreter\interpreter\debug\interpreter.vcxproj.generateresource.cache
c:\users\владимир\desktop\interpreter\interpreter\debug\interpreter.vcxprojassemblyreference.cache
c:\users\владимир\desktop\interpreter\debug\interpreter.pdb
c:\users\владимир\desktop\interpreter\debug\interpreter.exe
c:\users\владимир\desktop\interpreter\interpreter\debug\interpreter.tlog\cl.command.1.tlog
c:\users\владимир\desktop\interpreter\interpreter\debug\interpreter.tlog\cl.read.1.tlog
c:\users\владимир\desktop\interpreter\interpreter\debug\interpreter.tlog\cl.write.1.tlog
c:\users\владимир\desktop\interpreter\interpreter\debug\interpreter.tlog\interpreter.write.1u.tlog
c:\users\владимир\desktop\interpreter\interpreter\debug\interpreter.tlog\link.command.1.tlog
c:\users\владимир\desktop\interpreter\interpreter\debug\interpreter.tlog\link.read.1.tlog
c:\users\владимир\desktop\interpreter\interpreter\debug\interpreter.tlog\link.write.1.tlog
c:\users\владимир\desktop\interpreter\interpreter\debug\interpreter.tlog\metagen.read.1.tlog
c:\users\владимир\desktop\interpreter\interpreter\debug\interpreter.tlog\metagen.write.1.tlog
c:\users\владимир\desktop\interpreter\interpreter\debug\interpreter.tlog\tzres.dll.bi
